-------------------------------------------------------------------------------
Test set: com.epam.rd.autotasks.max.MaxMethodTests
-------------------------------------------------------------------------------
Tests run: 7, Failures: 6, Errors: 0, Skipped: 0, Time elapsed: 0.078 s <<< FAILURE! - in com.epam.rd.autotasks.max.MaxMethodTests
testReturnMaxForNegativeValues  Time elapsed: 0.047 s  <<< FAILURE!
org.opentest4j.AssertionFailedError: expected: <-2> but was: <4>
	at com.epam.rd.autotasks.max.MaxMethodTests.testReturnMaxForNegativeValues(MaxMethodTests.java:25)

testReturnsValueNearToIntegerMaxIfArrayContainsIt  Time elapsed: 0 s  <<< FAILURE!
org.opentest4j.AssertionFailedError: expected: <2147483620> but was: <4>
	at com.epam.rd.autotasks.max.MaxMethodTests.testReturnsValueNearToIntegerMaxIfArrayContainsIt(MaxMethodTests.java:43)

testReturnMaxValueForSampleArray2  Time elapsed: 0 s  <<< FAILURE!
org.opentest4j.AssertionFailedError: expected: <-61> but was: <4>
	at com.epam.rd.autotasks.max.MaxMethodTests.testReturnMaxValueForSampleArray2(MaxMethodTests.java:57)

testReturnMaxValueForSampleArray3  Time elapsed: 0 s  <<< FAILURE!
org.opentest4j.AssertionFailedError: expected: <890> but was: <4>
	at com.epam.rd.autotasks.max.MaxMethodTests.testReturnMaxValueForSampleArray3(MaxMethodTests.java:64)

testReturnMaxValueForSampleArray  Time elapsed: 0.015 s  <<< FAILURE!
org.opentest4j.AssertionFailedError: expected: <978> but was: <4>
	at com.epam.rd.autotasks.max.MaxMethodTests.testReturnMaxValueForSampleArray(MaxMethodTests.java:50)

testReturnIntegerMaxIfArrayContainsIt  Time elapsed: 0 s  <<< FAILURE!
org.opentest4j.AssertionFailedError: expected: <2147483647> but was: <4>
	at com.epam.rd.autotasks.max.MaxMethodTests.testReturnIntegerMaxIfArrayContainsIt(MaxMethodTests.java:33)

