<?xml version="1.0" encoding="UTF-8"?>
<testsuite xmlns:xsi="http://www.w3.org/2001/XMLSchema-instance" xsi:noNamespaceSchemaLocation="https://maven.apache.org/surefire/maven-surefire-plugin/xsd/surefire-test-report.xsd" name="com.epam.rd.autotasks.max.MaxMethodTests" time="0.078" tests="7" errors="0" skipped="0" failures="6">
  <properties>
[...]
</properties>
  <testcase name="testReturnMaxForNegativeValues" classname="com.epam.rd.autotasks.max.MaxMethodTests" time="0.047">
    <failure message="expected: &lt;-2&gt; but was: &lt;4&gt;" type="org.opentest4j.AssertionFailedError"><![CDATA[org.opentest4j.AssertionFailedError: expected: <-2> but was: <4>
	at com.epam.rd.autotasks.max.MaxMethodTests.testReturnMaxForNegativeValues(MaxMethodTests.java:25)
]]></failure>
    <system-out><![CDATA[
 +-------------------------------------------------------------------------------+
 | WARNING:                                                                      |
 | The junit-platform-surefire-provider has been deprecated and is scheduled to  |
 | be removed in JUnit Platform 1.4. Please use the built-in support in Maven    |
 | Surefire >= 2.22.0 instead.                                                   |
 | » https://junit.org/junit5/docs/current/user-guide/#running-tests-build-maven |
 +-------------------------------------------------------------------------------+

]]></system-out>
  </testcase>
  <testcase name="testReturnsValueNearToIntegerMaxIfArrayContainsIt" classname="com.epam.rd.autotasks.max.MaxMethodTests" time="0">
    <failure message="expected: &lt;2147483620&gt; but was: &lt;4&gt;" type="org.opentest4j.AssertionFailedError"><![CDATA[org.opentest4j.AssertionFailedError: expected: <2147483620> but was: <4>
	at com.epam.rd.autotasks.max.MaxMethodTests.testReturnsValueNearToIntegerMaxIfArrayContainsIt(MaxMethodTests.java:43)
]]></failure>
  </testcase>
  <testcase name="testReturnMaxValueForSampleArray2" classname="com.epam.rd.autotasks.max.MaxMethodTests" time="0">
    <failure message="expected: &lt;-61&gt; but was: &lt;4&gt;" type="org.opentest4j.AssertionFailedError"><![CDATA[org.opentest4j.AssertionFailedError: expected: <-61> but was: <4>
	at com.epam.rd.autotasks.max.MaxMethodTests.testReturnMaxValueForSampleArray2(MaxMethodTests.java:57)
]]></failure>
  </testcase>
  <testcase name="testReturnMaxValueForSampleArray3" classname="com.epam.rd.autotasks.max.MaxMethodTests" time="0">
    <failure message="expected: &lt;890&gt; but was: &lt;4&gt;" type="org.opentest4j.AssertionFailedError"><![CDATA[org.opentest4j.AssertionFailedError: expected: <890> but was: <4>
	at com.epam.rd.autotasks.max.MaxMethodTests.testReturnMaxValueForSampleArray3(MaxMethodTests.java:64)
]]></failure>
  </testcase>
  <testcase name="testReturnMaxValueForSampleArray" classname="com.epam.rd.autotasks.max.MaxMethodTests" time="0.015">
    <failure message="expected: &lt;978&gt; but was: &lt;4&gt;" type="org.opentest4j.AssertionFailedError"><![CDATA[org.opentest4j.AssertionFailedError: expected: <978> but was: <4>
	at com.epam.rd.autotasks.max.MaxMethodTests.testReturnMaxValueForSampleArray(MaxMethodTests.java:50)
]]></failure>
  </testcase>
  <testcase name="testReturnIntegerMaxIfArrayContainsIt" classname="com.epam.rd.autotasks.max.MaxMethodTests" time="0">
    <failure message="expected: &lt;2147483647&gt; but was: &lt;4&gt;" type="org.opentest4j.AssertionFailedError"><![CDATA[org.opentest4j.AssertionFailedError: expected: <2147483647> but was: <4>
	at com.epam.rd.autotasks.max.MaxMethodTests.testReturnIntegerMaxIfArrayContainsIt(MaxMethodTests.java:33)
]]></failure>
  </testcase>
  <testcase name="testReturnArraysSingleValue" classname="com.epam.rd.autotasks.max.MaxMethodTests" time="0"/>
</testsuite>